[0.067s] Invoking command in '/home/user/ros2_navigationrobot_ws/build/navigation_robot_custom_interfaces': CMAKE_PREFIX_PATH=${CMAKE_PREFIX_PATH}:/home/user/ros2_navigationrobot_ws/install/session7_turtlebot3_robot:/home/simulations/ros2_sims_ws/install/rclrs_tests:/home/simulations/ros2_sims_ws/install/examples_rclrs_minimal_client_service:/home/simulations/ros2_sims_ws/install/sensor_msgs_py:/home/simulations/ros2_sims_ws/install/examples_rclrs_minimal_pub_sub:/home/simulations/ros2_sims_ws/install/examples_rclrs_message_demo:/home/simulations/ros2_sims_ws/install/rclrs:/home/simulations/ros2_sims_ws/install/rosidl_runtime_rs:/opt/ros/humble _=/usr/bin/env /usr/bin/cmake --build /home/user/ros2_navigationrobot_ws/build/navigation_robot_custom_interfaces -- -j8 -l8
[0.387s] -- Found ament_cmake: 1.3.8 (/opt/ros/humble/share/ament_cmake/cmake)
[1.214s] -- Found rclcpp: 16.0.8 (/opt/ros/humble/share/rclcpp/cmake)
[1.674s] -- Found rosidl_generator_c: 3.1.5 (/opt/ros/humble/share/rosidl_generator_c/cmake)
[1.694s] -- Found rosidl_adapter: 3.1.5 (/opt/ros/humble/share/rosidl_adapter/cmake)
[1.765s] -- Found rosidl_generator_cpp: 3.1.5 (/opt/ros/humble/share/rosidl_generator_cpp/cmake)
[1.868s] -- Using all available rosidl_typesupport_c: rosidl_typesupport_fastrtps_c;rosidl_typesupport_introspection_c
[1.967s] -- Using all available rosidl_typesupport_cpp: rosidl_typesupport_fastrtps_cpp;rosidl_typesupport_introspection_cpp
[2.669s] -- Found rmw_implementation_cmake: 6.1.1 (/opt/ros/humble/share/rmw_implementation_cmake/cmake)
[2.681s] -- Found rmw_fastrtps_cpp: 6.2.6 (/opt/ros/humble/share/rmw_fastrtps_cpp/cmake)
[3.596s] -- Using RMW implementation 'rmw_fastrtps_cpp' as default
[4.889s] -- Found rosidl_default_generators: 1.2.0 (/home/simulations/ros2_sims_ws/install/rosidl_default_generators/share/rosidl_default_generators/cmake)
[6.782s] -- Found ament_cmake_ros: 0.10.0 (/opt/ros/humble/share/ament_cmake_ros/cmake)
[8.390s] -- Using all available rosidl_typesupport_c: rosidl_typesupport_fastrtps_c;rosidl_typesupport_introspection_c
[9.011s] -- Using all available rosidl_typesupport_cpp: rosidl_typesupport_fastrtps_cpp;rosidl_typesupport_introspection_cpp
[9.421s] [33mCMake Warning at /home/simulations/ros2_sims_ws/install/rosidl_generator_rs/share/rosidl_generator_rs/cmake/rosidl_generator_rs_generate_interfaces.cmake:62 (message):
[9.422s]   Rust actions generation is not implemented
[9.422s] Call Stack (most recent call first):
[9.422s]   /opt/ros/humble/share/ament_cmake_core/cmake/core/ament_execute_extensions.cmake:48 (include)
[9.422s]   /opt/ros/humble/share/rosidl_cmake/cmake/rosidl_generate_interfaces.cmake:286 (ament_execute_extensions)
[9.422s]   CMakeLists.txt:15 (rosidl_generate_interfaces)
[9.422s] 
[9.422s] [0m
[9.585s] -- Found python_cmake_module: 0.10.0 (/opt/ros/humble/share/python_cmake_module/cmake)
[9.766s] -- Using PYTHON_EXECUTABLE: /usr/bin/python3
[9.766s] -- Using PYTHON_INCLUDE_DIRS: /usr/include/python3.10
[9.766s] -- Using PYTHON_LIBRARIES: /usr/lib/x86_64-linux-gnu/libpython3.10.so
[9.901s] -- Found ament_lint_auto: 0.12.10 (/opt/ros/humble/share/ament_lint_auto/cmake)
[10.097s] -- Added test 'lint_cmake' to check CMake code style
[10.102s] -- Added test 'xmllint' to check XML markup files
[10.110s] -- Configuring done
[10.282s] -- Generating done
[10.289s] -- Build files have been written to: /home/user/ros2_navigationrobot_ws/build/navigation_robot_custom_interfaces
[10.474s] [  2%] [34m[1mGenerating Rust code for ROS interfaces[0m
[11.691s] [  2%] Built target navigation_robot_custom_interfaces__rs
[11.806s] [  2%] Built target ament_cmake_python_copy_navigation_robot_custom_interfaces
[11.902s] [  5%] [34m[1mGenerating C++ code for ROS interfaces[0m
[13.989s] [  5%] Built target navigation_robot_custom_interfaces__cpp
[14.970s] running egg_info
[14.971s] writing navigation_robot_custom_interfaces.egg-info/PKG-INFO
[14.973s] writing dependency_links to navigation_robot_custom_interfaces.egg-info/dependency_links.txt
[14.973s] writing top-level names to navigation_robot_custom_interfaces.egg-info/top_level.txt
[14.976s] reading manifest file 'navigation_robot_custom_interfaces.egg-info/SOURCES.txt'
[14.979s] writing manifest file 'navigation_robot_custom_interfaces.egg-info/SOURCES.txt'
[15.073s] [  5%] Built target ament_cmake_python_build_navigation_robot_custom_interfaces_egg
[15.101s] [  7%] [34m[1mGenerating C++ type support dispatch for ROS interfaces[0m
[16.396s] [35m[1mConsolidate compiler generated dependencies of target navigation_robot_custom_interfaces__rosidl_typesupport_cpp[0m
[16.483s] [ 10%] [32mBuilding CXX object CMakeFiles/navigation_robot_custom_interfaces__rosidl_typesupport_cpp.dir/rosidl_typesupport_cpp/navigation_robot_custom_interfaces/srv/find_closest_wall__type_support.cpp.o[0m
[21.985s] In file included from [01m[K/home/user/ros2_navigationrobot_ws/build/navigation_robot_custom_interfaces/rosidl_typesupport_cpp/navigation_robot_custom_interfaces/srv/find_closest_wall__type_support.cpp:7[m[K:
[21.986s] [01m[K/home/user/ros2_navigationrobot_ws/build/navigation_robot_custom_interfaces/rosidl_generator_cpp/navigation_robot_custom_interfaces/srv/detail/find_closest_wall__struct.hpp:127:10:[m[K [01;31m[Kfatal error: [m[Kgeometry_msgs/msg/detail/vector3__struct.hpp: No such file or directory
[21.986s]   127 | #include [01;31m[K"geometry_msgs/msg/detail/vector3__struct.hpp"[m[K
[21.986s]       |          [01;31m[K^~~~~~~~~~~~~~~~~~~~~~~~~~~~~~~~~~~~~~~~~~~~~~[m[K
[21.986s] compilation terminated.
[22.062s] gmake[2]: *** [CMakeFiles/navigation_robot_custom_interfaces__rosidl_typesupport_cpp.dir/build.make:127: CMakeFiles/navigation_robot_custom_interfaces__rosidl_typesupport_cpp.dir/rosidl_typesupport_cpp/navigation_robot_custom_interfaces/srv/find_closest_wall__type_support.cpp.o] Error 1
[22.063s] gmake[1]: *** [CMakeFiles/Makefile2:414: CMakeFiles/navigation_robot_custom_interfaces__rosidl_typesupport_cpp.dir/all] Error 2
[22.063s] gmake: *** [Makefile:146: all] Error 2
[22.065s] Invoked command in '/home/user/ros2_navigationrobot_ws/build/navigation_robot_custom_interfaces' returned '2': CMAKE_PREFIX_PATH=${CMAKE_PREFIX_PATH}:/home/user/ros2_navigationrobot_ws/install/session7_turtlebot3_robot:/home/simulations/ros2_sims_ws/install/rclrs_tests:/home/simulations/ros2_sims_ws/install/examples_rclrs_minimal_client_service:/home/simulations/ros2_sims_ws/install/sensor_msgs_py:/home/simulations/ros2_sims_ws/install/examples_rclrs_minimal_pub_sub:/home/simulations/ros2_sims_ws/install/examples_rclrs_message_demo:/home/simulations/ros2_sims_ws/install/rclrs:/home/simulations/ros2_sims_ws/install/rosidl_runtime_rs:/opt/ros/humble _=/usr/bin/env /usr/bin/cmake --build /home/user/ros2_navigationrobot_ws/build/navigation_robot_custom_interfaces -- -j8 -l8
